Environment variables:
  - =E:=E:\Automation Frameworks\Java Workspace\demo.extentReports
  - ALLUSERSPROFILE=C:\ProgramData
  - ANDRIOD_HOME=C:\Users\Rupesh Chaitu\AppData\Local\Android\sdk
  - APPDATA=C:\Users\Rupesh Chaitu\AppData\Roaming
  - CLASSPATH=.;
  - COMPUTERNAME=RUPESH1053
  - ChocolateyInstall=C:\ProgramData\chocolatey
  - ChocolateyLastPathUpdate=Tue Dec 26 20:42:51 2017
  - ComSpec=C:\WINDOWS\system32\cmd.exe
  - CommonProgramFiles=C:\Program Files\Common Files
  - CommonProgramFiles(x86)=C:\Program Files (x86)\Common Files
  - CommonProgramW6432=C:\Program Files\Common Files
  - DNX_HOME=C:\Users\Rupesh Chaitu\.dnx
  - DriverData=C:\Windows\System32\Drivers\DriverData
  - ERROR_CODE=0
  - FP_NO_HOST_CHECK=NO
  - HOMEDRIVE=C:
  - HOMEPATH=\Users\Rupesh Chaitu
  - JAVA_EXEC="E:\Softwares\Education\Java\sonar-scanner-3.2.0.1227-windows\bin\..\jre\bin\java.exe"
  - JAVA_HOME=E:\Softwares\Education\Java\sonar-scanner-3.2.0.1227-windows\bin\..\jre
  - JENKINS_HOME=C:\Program Files (x86)\Jenkins\
  - LOCALAPPDATA=C:\Users\Rupesh Chaitu\AppData\Local
  - LOGONSERVER=\\RUPESH1053
  - M2=C:\ProgramData\chocolatey\lib\maven\apache-maven-3.5.2\bin
  - M2_HOME=C:\ProgramData\chocolatey\lib\maven\apache-maven-3.5.2
  - M2_REPO=C:\Users\Rupesh Chaitu\.m2
  - MAVEN_OPTS=-Xms256m
  - NUMBER_OF_PROCESSORS=4
  - OS=Windows_NT
  - OneDrive=C:\Users\Rupesh Chaitu\OneDrive
  - PATHEXT=.COM;.EXE;.BAT;.CMD;.VBS;.VBE;.JS;.JSE;.WSF;.WSH;.MSC;.CPL
  - PHP_FCGI_MAX_REQUESTS=0
  - PROCESSOR_ARCHITECTURE=AMD64
  - PROCESSOR_IDENTIFIER=Intel64 Family 6 Model 69 Stepping 1, GenuineIntel
  - PROCESSOR_LEVEL=6
  - PROCESSOR_REVISION=4501
  - PROJECT_HOME=E:\Automation Frameworks\Java Workspace\demo.extentReports
  - PROMPT=$P$G
  - PSModulePath=C:\Users\Rupesh Chaitu\Documents\WindowsPowerShell\Modules;C:\Program Files\WindowsPowerShell\Modules;C:\WINDOWS\system32\WindowsPowerShell\v1.0\Modules\;C:\Program Files (x86)\Microsoft SQL Server\120\Tools\PowerShell\Modules\;C:\Program Files (x86)\AutoIt3\AutoItX
  - PUBLIC=C:\Users\Public
  - Path=C:\Program Files (x86)\Common Files\Oracle\Java\javapath;C:\Program Files (x86)\Intel\iCLS Client\;C:\Program Files\Intel\iCLS Client\;C:\WINDOWS\system32;C:\WINDOWS;C:\WINDOWS\System32\Wbem;C:\WINDOWS\System32\WindowsPowerShell\v1.0\;C:\Program Files\Intel\Intel(R) Management Engine Components\DAL;C:\Program Files\Intel\Intel(R) Management Engine Components\IPT;C:\Program Files (x86)\Intel\Intel(R) Management Engine Components\DAL;C:\Program Files (x86)\Intel\Intel(R) Management Engine Components\IPT;C:\Program Files\Microsoft SQL Server\Client SDK\ODBC\110\Tools\Binn\;C:\Program Files (x86)\Microsoft SQL Server\120\Tools\Binn\ManagementStudio\;C:\Program Files (x86)\Microsoft SQL Server\120\Tools\Binn\;C:\Program Files\Microsoft SQL Server\120\Tools\Binn\;C:\Program Files (x86)\Microsoft SQL Server\120\DTS\Binn\;C:\Program Files\Microsoft SQL Server\120\DTS\Binn\;C:\Program Files (x86)\Common Files\lenovo\easyplussdk\bin;C:\Program Files\Microsoft SQL Server\130\Tools\Binn\;C:\Program Files (x86)\Skype\Phone\;C:\Program Files\Java\jdk1.8.0_172\bin;C:\ProgramData\chocolatey\bin;C:\Program Files\dotnet\;C:\WINDOWS\System32\OpenSSH\;C:\Program Files\nodejs\;C:\Program Files\Java\jre1.8.0_172\bin;C:\Users\Rupesh Chaitu\AppData\Local\Android\sdk\platform-tools;C:\Program Files\Charles\;E:\Softwares\Education\Java\apache-maven-3.5.4\bin;C:\Program Files (x86)\Jenkins\;C:\Program Files\MongoDB\Server\3.2\bin\;C:\Program Files\Git\cmd;C:\Users\Rupesh Chaitu\Downloads\;E:\Softwares\Education\Java\sonar-scanner-3.2.0.1227-windows\bin\;E:\Automation Frameworks\Java Workspace\demo.extentReports\sonar-scanner.bat;C:\Program Files\Java\jre1.8.0_172;C:\Users\Rupesh Chaitu\AppData\Roaming\npm;C:\Program Files\Java\jdk1.8.0_181
  - ProgramData=C:\ProgramData
  - ProgramFiles=C:\Program Files
  - ProgramFiles(x86)=C:\Program Files (x86)
  - ProgramW6432=C:\Program Files
  - SCITE_USERHOME=C:\Users\Rupesh Chaitu\AppData\Local\AutoIt v3\SciTE
  - SONAR_SCANNER_HOME=E:\Softwares\Education\Java\sonar-scanner-3.2.0.1227-windows\bin\..
  - SystemDrive=C:
  - SystemRoot=C:\WINDOWS
  - TEMP=C:\Users\RUPESH~2\AppData\Local\Temp
  - TMP=C:\Users\RUPESH~2\AppData\Local\Temp
  - USERDOMAIN=RUPESH1053
  - USERDOMAIN_ROAMINGPROFILE=RUPESH1053
  - USERNAME=Rupesh Chaitu
  - USERPROFILE=C:\Users\Rupesh Chaitu
  - VS140COMNTOOLS=C:\Program Files (x86)\Microsoft Visual Studio 14.0\Common7\Tools\
  - easyplussdk="C:\Program Files (x86)\Common Files\lenovo\easyplussdk\bin"
  - scriptdir=E:\Softwares\Education\Java\sonar-scanner-3.2.0.1227-windows\bin
  - use_embedded_jre=true
  - windir=C:\WINDOWS
System properties:
  - awt.toolkit=sun.awt.windows.WToolkit
  - file.encoding=Cp1252
  - file.encoding.pkg=sun.io
  - file.separator=\
  - java.awt.graphicsenv=sun.awt.Win32GraphicsEnvironment
  - java.awt.headless=true
  - java.awt.printerjob=sun.awt.windows.WPrinterJob
  - java.class.path=E:\Softwares\Education\Java\sonar-scanner-3.2.0.1227-windows\bin\..\lib\sonar-scanner-cli-3.2.0.1227.jar
  - java.class.version=52.0
  - java.endorsed.dirs=E:\Softwares\Education\Java\sonar-scanner-3.2.0.1227-windows\jre\lib\endorsed
  - java.ext.dirs=E:\Softwares\Education\Java\sonar-scanner-3.2.0.1227-windows\jre\lib\ext;C:\WINDOWS\Sun\Java\lib\ext
  - java.home=E:\Softwares\Education\Java\sonar-scanner-3.2.0.1227-windows\jre
  - java.io.tmpdir=C:\Users\RUPESH~2\AppData\Local\Temp\
  - java.library.path=E:\Softwares\Education\Java\sonar-scanner-3.2.0.1227-windows\jre\bin;C:\WINDOWS\Sun\Java\bin;C:\WINDOWS\system32;C:\WINDOWS;C:\Program Files (x86)\Common Files\Oracle\Java\javapath;C:\Program Files (x86)\Intel\iCLS Client\;C:\Program Files\Intel\iCLS Client\;C:\WINDOWS\system32;C:\WINDOWS;C:\WINDOWS\System32\Wbem;C:\WINDOWS\System32\WindowsPowerShell\v1.0\;C:\Program Files\Intel\Intel(R) Management Engine Components\DAL;C:\Program Files\Intel\Intel(R) Management Engine Components\IPT;C:\Program Files (x86)\Intel\Intel(R) Management Engine Components\DAL;C:\Program Files (x86)\Intel\Intel(R) Management Engine Components\IPT;C:\Program Files\Microsoft SQL Server\Client SDK\ODBC\110\Tools\Binn\;C:\Program Files (x86)\Microsoft SQL Server\120\Tools\Binn\ManagementStudio\;C:\Program Files (x86)\Microsoft SQL Server\120\Tools\Binn\;C:\Program Files\Microsoft SQL Server\120\Tools\Binn\;C:\Program Files (x86)\Microsoft SQL Server\120\DTS\Binn\;C:\Program Files\Microsoft SQL Server\120\DTS\Binn\;C:\Program Files (x86)\Common Files\lenovo\easyplussdk\bin;C:\Program Files\Microsoft SQL Server\130\Tools\Binn\;C:\Program Files (x86)\Skype\Phone\;C:\Program Files\Java\jdk1.8.0_172\bin;C:\ProgramData\chocolatey\bin;C:\Program Files\dotnet\;C:\WINDOWS\System32\OpenSSH\;C:\Program Files\nodejs\;C:\Program Files\Java\jre1.8.0_172\bin;C:\Users\Rupesh Chaitu\AppData\Local\Android\sdk\platform-tools;C:\Program Files\Charles\;E:\Softwares\Education\Java\apache-maven-3.5.4\bin;C:\Program Files (x86)\Jenkins\;C:\Program Files\MongoDB\Server\3.2\bin\;C:\Program Files\Git\cmd;C:\Users\Rupesh Chaitu\Downloads\;E:\Softwares\Education\Java\sonar-scanner-3.2.0.1227-windows\bin\;E:\Automation Frameworks\Java Workspace\demo.extentReports\sonar-scanner.bat;C:\Program Files\Java\jre1.8.0_172;C:\Users\Rupesh Chaitu\AppData\Roaming\npm;C:\Program Files\Java\jdk1.8.0_181;.
  - java.runtime.name=Java(TM) SE Runtime Environment
  - java.runtime.version=1.8.0_121-b13
  - java.specification.name=Java Platform API Specification
  - java.specification.vendor=Oracle Corporation
  - java.specification.version=1.8
  - java.vendor=Oracle Corporation
  - java.vendor.url=http://java.oracle.com/
  - java.vendor.url.bug=http://bugreport.sun.com/bugreport/
  - java.version=1.8.0_121
  - java.vm.info=mixed mode
  - java.vm.name=Java HotSpot(TM) 64-Bit Server VM
  - java.vm.specification.name=Java Virtual Machine Specification
  - java.vm.specification.vendor=Oracle Corporation
  - java.vm.specification.version=1.8
  - java.vm.vendor=Oracle Corporation
  - java.vm.version=25.121-b13
  - line.separator=

  - os.arch=amd64
  - os.name=Windows 10
  - os.version=10.0
  - path.separator=;
  - project.home=E:\Automation Frameworks\Java Workspace\demo.extentReports
  - scanner.home=E:\Softwares\Education\Java\sonar-scanner-3.2.0.1227-windows\bin\..
  - sun.arch.data.model=64
  - sun.boot.class.path=E:\Softwares\Education\Java\sonar-scanner-3.2.0.1227-windows\jre\lib\resources.jar;E:\Softwares\Education\Java\sonar-scanner-3.2.0.1227-windows\jre\lib\rt.jar;E:\Softwares\Education\Java\sonar-scanner-3.2.0.1227-windows\jre\lib\sunrsasign.jar;E:\Softwares\Education\Java\sonar-scanner-3.2.0.1227-windows\jre\lib\jsse.jar;E:\Softwares\Education\Java\sonar-scanner-3.2.0.1227-windows\jre\lib\jce.jar;E:\Softwares\Education\Java\sonar-scanner-3.2.0.1227-windows\jre\lib\charsets.jar;E:\Softwares\Education\Java\sonar-scanner-3.2.0.1227-windows\jre\lib\jfr.jar;E:\Softwares\Education\Java\sonar-scanner-3.2.0.1227-windows\jre\classes
  - sun.boot.library.path=E:\Softwares\Education\Java\sonar-scanner-3.2.0.1227-windows\jre\bin
  - sun.cpu.endian=little
  - sun.cpu.isalist=amd64
  - sun.desktop=windows
  - sun.io.unicode.encoding=UnicodeLittle
  - sun.java.command=org.sonarsource.scanner.cli.Main -X
  - sun.java.launcher=SUN_STANDARD
  - sun.jnu.encoding=Cp1252
  - sun.management.compiler=HotSpot 64-Bit Tiered Compilers
  - sun.os.patch.level=
  - sun.stderr.encoding=cp437
  - sun.stdout.encoding=cp437
  - user.country=US
  - user.dir=E:\Automation Frameworks\Java Workspace\demo.extentReports
  - user.home=C:\Users\Rupesh Chaitu
  - user.language=en
  - user.name=Rupesh Chaitu
  - user.script=
  - user.timezone=Asia/Calcutta
  - user.variant=
SonarQube plugins:
  - SonarC# 6.5.0.3766 (csharp)
  - SonarPython 1.8.0.1496 (python)
  - SonarJava 4.15.0.12310 (java)
  - Flex 2.3 (flex)
  - SonarQube :: Plugins :: SCM :: Git 1.3.0.869 (scmgit)
  - SonarXML 1.4.3.1027 (xml)
  - SonarPHP 2.11.0.2485 (php)
  - SonarTS 1.1.0.1079 (typescript)
  - SonarQube :: Plugins :: SCM :: SVN 1.6.0.860 (scmsvn)
  - SonarJS 3.2.0.5506 (javascript)
Global properties:
  - sonar.core.id=BF41A1F2-AWeozZLVwoLCdPgcWlN-
  - sonar.core.startTime=2018-12-15T17:30:25+0530
Settings for module: java-sonar-runner-simple
  - sonar.host.url=http://localhost:9000
  - sonar.java.binaries=.
  - sonar.java.test.binaries=.
  - sonar.language=java
  - sonar.login=******
  - sonar.password=******
  - sonar.projectBaseDir=E:\Automation Frameworks\Java Workspace\demo.extentReports
  - sonar.projectKey=java-sonar-runner-simple
  - sonar.projectName=Simple Java project analyzed with the SonarQube Runner
  - sonar.projectVersion=1.0
  - sonar.scanner.app=ScannerCli
  - sonar.scanner.appVersion=3.2.0.1227
  - sonar.sourceEncoding=UTF-8
  - sonar.sources=src
  - sonar.verbose=true
  - sonar.working.directory=E:\Automation Frameworks\Java Workspace\demo.extentReports\.scannerwork
